<?xml version="1.0" encoding="UTF-8"?>
<!-- Generated by org.testng.reporters.JUnitXMLReporter -->
<testsuite ignored="0" hostname="ELW5132" failures="0" tests="3" name="Default test" time="29.183" errors="0" timestamp="08 Oct 2022 02:49:33 GMT">
  <testcase classname="TestNG1.HRM_Test" name="HRMlogin" time="4.562"/>
  <testcase classname="TestNG1.HRM_Test" name="HRM_Leave" time="5.633"/>
  <testcase classname="TestNG1.HRM_Test" name="MethodOverloading" time="18.971"/>
</testsuite> <!-- Default test -->
