<?xml version="1.0" encoding="UTF-8"?>
<testng-results ignored="0" total="3" passed="3" failed="0" skipped="0">
  <reporter-output>
  </reporter-output>
  <suite started-at="2022-10-08T02:49:04Z" name="Default suite" finished-at="2022-10-08T02:49:33Z" duration-ms="29183">
    <groups>
    </groups>
    <test started-at="2022-10-08T02:49:04Z" name="Default test" finished-at="2022-10-08T02:49:33Z" duration-ms="29183">
      <class name="TestNG1.HRM_Test">
        <test-method signature="HRMlogin()[pri:1, instance:TestNG1.HRM_Test@3081f72c]" started-at="2022-10-08T02:49:04Z" name="HRMlogin" finished-at="2022-10-08T02:49:08Z" duration-ms="4562" status="PASS">
          <reporter-output>
          </reporter-output>
        </test-method> <!-- HRMlogin -->
        <test-method signature="HRM_Leave()[pri:2, instance:TestNG1.HRM_Test@3081f72c]" started-at="2022-10-08T02:49:08Z" name="HRM_Leave" finished-at="2022-10-08T02:49:14Z" duration-ms="5633" status="PASS">
          <reporter-output>
          </reporter-output>
        </test-method> <!-- HRM_Leave -->
        <test-method signature="MethodOverloading()[pri:2, instance:TestNG1.HRM_Test@3081f72c]" started-at="2022-10-08T02:49:14Z" name="MethodOverloading" finished-at="2022-10-08T02:49:33Z" duration-ms="18971" status="PASS">
          <reporter-output>
          </reporter-output>
        </test-method> <!-- MethodOverloading -->
      </class> <!-- TestNG1.HRM_Test -->
    </test> <!-- Default test -->
  </suite> <!-- Default suite -->
</testng-results>
